<?xml version="1.0" encoding="UTF-8"?>
<!-- Generated by org.testng.reporters.JUnitXMLReporter -->
<testsuite hostname="Veerendra-PC" name="Test" tests="3" failures="0" timestamp="25 Oct 2019 03:50:54 GMT" time="22.028" errors="0">
  <testcase name="pagetitleverify" time="2.042" classname="com.hrm.tests.HRM_EX"/>
  <testcase name="verifylogin" time="3.431" classname="com.hrm.tests.HRM_EX"/>
  <testcase name="verifylogin12" time="0.004" classname="com.hrm.tests.HRM_EX"/>
</testsuite> <!-- Test -->
