<?xml version="1.0" encoding="UTF-8"?>
<testng-results skipped="0" failed="0" total="3" passed="3">
  <reporter-output>
  </reporter-output>
  <suite name="Suite" duration-ms="22028" started-at="2019-10-25T03:50:32Z" finished-at="2019-10-25T03:50:54Z">
    <groups>
    </groups>
    <test name="Test" duration-ms="22028" started-at="2019-10-25T03:50:32Z" finished-at="2019-10-25T03:50:54Z">
      <class name="com.hrm.tests.HRM_EX">
        <test-method status="PASS" signature="browserlaunch()[pri:0, instance:com.hrm.tests.HRM_EX@457e2f02]" name="browserlaunch" is-config="true" duration-ms="5999" started-at="2019-10-25T09:20:32Z" finished-at="2019-10-25T09:20:38Z">
          <reporter-output>
          </reporter-output>
        </test-method> <!-- browserlaunch -->
        <test-method status="PASS" signature="pagetitleverify()[pri:0, instance:com.hrm.tests.HRM_EX@457e2f02]" name="pagetitleverify" duration-ms="2042" started-at="2019-10-25T09:20:38Z" finished-at="2019-10-25T09:20:40Z">
          <reporter-output>
          </reporter-output>
        </test-method> <!-- pagetitleverify -->
        <test-method status="PASS" signature="quitbrowser()[pri:0, instance:com.hrm.tests.HRM_EX@457e2f02]" name="quitbrowser" is-config="true" duration-ms="865" started-at="2019-10-25T09:20:40Z" finished-at="2019-10-25T09:20:41Z">
          <reporter-output>
          </reporter-output>
        </test-method> <!-- quitbrowser -->
        <test-method status="PASS" signature="browserlaunch()[pri:0, instance:com.hrm.tests.HRM_EX@457e2f02]" name="browserlaunch" is-config="true" duration-ms="4058" started-at="2019-10-25T09:20:41Z" finished-at="2019-10-25T09:20:45Z">
          <reporter-output>
          </reporter-output>
        </test-method> <!-- browserlaunch -->
        <test-method status="PASS" signature="verifylogin()[pri:0, instance:com.hrm.tests.HRM_EX@457e2f02]" name="verifylogin" duration-ms="3431" started-at="2019-10-25T09:20:45Z" finished-at="2019-10-25T09:20:49Z">
          <reporter-output>
          </reporter-output>
        </test-method> <!-- verifylogin -->
        <test-method status="PASS" signature="quitbrowser()[pri:0, instance:com.hrm.tests.HRM_EX@457e2f02]" name="quitbrowser" is-config="true" duration-ms="735" started-at="2019-10-25T09:20:49Z" finished-at="2019-10-25T09:20:50Z">
          <reporter-output>
          </reporter-output>
        </test-method> <!-- quitbrowser -->
        <test-method status="PASS" signature="browserlaunch()[pri:0, instance:com.hrm.tests.HRM_EX@457e2f02]" name="browserlaunch" is-config="true" duration-ms="4127" started-at="2019-10-25T09:20:50Z" finished-at="2019-10-25T09:20:54Z">
          <reporter-output>
          </reporter-output>
        </test-method> <!-- browserlaunch -->
        <test-method status="PASS" signature="verifylogin12()[pri:0, instance:com.hrm.tests.HRM_EX@457e2f02]" name="verifylogin12" duration-ms="4" started-at="2019-10-25T09:20:54Z" finished-at="2019-10-25T09:20:54Z">
          <reporter-output>
          </reporter-output>
        </test-method> <!-- verifylogin12 -->
        <test-method status="PASS" signature="quitbrowser()[pri:0, instance:com.hrm.tests.HRM_EX@457e2f02]" name="quitbrowser" is-config="true" duration-ms="729" started-at="2019-10-25T09:20:54Z" finished-at="2019-10-25T09:20:54Z">
          <reporter-output>
          </reporter-output>
        </test-method> <!-- quitbrowser -->
      </class> <!-- com.hrm.tests.HRM_EX -->
    </test> <!-- Test -->
  </suite> <!-- Suite -->
</testng-results>
